<?xml version="1.0" encoding="UTF-8"?>
<testsuite name="com.jojoldu.book.springboot.web.HelloControllerTest" tests="2" skipped="0" failures="0" errors="0" timestamp="2021-07-27T00:21:31" hostname="DESKTOP-3II9F9C" time="0.17">
  <properties/>
  <testcase name="hello가_리턴된다" classname="com.jojoldu.book.springboot.web.HelloControllerTest" time="0.078"/>
  <testcase name="helloDto가_리턴된다" classname="com.jojoldu.book.springboot.web.HelloControllerTest" time="0.091"/>
  <system-out><![CDATA[2021-07-27 09:21:30.391  INFO 2504 --- [    Test worker] .b.t.a.w.s.WebMvcTestContextBootstrapper : Neither @ContextConfiguration nor @ContextHierarchy found for test class [com.jojoldu.book.springboot.web.HelloControllerTest], using SpringBootContextLoader
2021-07-27 09:21:30.391  INFO 2504 --- [    Test worker] o.s.t.c.support.AbstractContextLoader    : Could not detect default resource locations for test class [com.jojoldu.book.springboot.web.HelloControllerTest]: no resource found for suffixes {-context.xml, Context.groovy}.
2021-07-27 09:21:30.392  INFO 2504 --- [    Test worker] t.c.s.AnnotationConfigContextLoaderUtils : Could not detect default configuration classes for test class [com.jojoldu.book.springboot.web.HelloControllerTest]: HelloControllerTest does not declare any static, non-private, non-final, nested classes annotated with @Configuration.
2021-07-27 09:21:30.413  INFO 2504 --- [    Test worker] .b.t.c.SpringBootTestContextBootstrapper : Found @SpringBootConfiguration com.jojoldu.book.springboot.Application for test class com.jojoldu.book.springboot.web.HelloControllerTest
2021-07-27 09:21:30.414  INFO 2504 --- [    Test worker] .b.t.a.w.s.WebMvcTestContextBootstrapper : Loaded default TestExecutionListener class names from location [META-INF/spring.factories]: [org.springframework.security.test.context.support.WithSecurityContextTestExecutionListener, org.springframework.security.test.context.support.ReactorContextTestExecutionListener, org.springframework.boot.test.autoconfigure.restdocs.RestDocsTestExecutionListener, org.springframework.boot.test.autoconfigure.web.client.MockRestServiceServerResetTestExecutionListener, org.springframework.boot.test.autoconfigure.web.servlet.MockMvcPrintOnlyOnFailureTestExecutionListener, org.springframework.boot.test.autoconfigure.web.servlet.WebDriverTestExecutionListener, org.springframework.boot.test.mock.mockito.MockitoTestExecutionListener, org.springframework.boot.test.mock.mockito.ResetMocksTestExecutionListener, org.springframework.test.context.web.ServletTestExecutionListener, org.springframework.test.context.support.DirtiesContextBeforeModesTestExecutionListener, org.springframework.test.context.support.DependencyInjectionTestExecutionListener, org.springframework.test.context.support.DirtiesContextTestExecutionListener, org.springframework.test.context.transaction.TransactionalTestExecutionListener, org.springframework.test.context.jdbc.SqlScriptsTestExecutionListener]
2021-07-27 09:21:30.415  INFO 2504 --- [    Test worker] .b.t.a.w.s.WebMvcTestContextBootstrapper : Using TestExecutionListeners: [org.springframework.test.context.web.ServletTestExecutionListener@1aafc43c, org.springframework.test.context.support.DirtiesContextBeforeModesTestExecutionListener@70a8e587, org.springframework.boot.test.mock.mockito.MockitoTestExecutionListener@5b608f17, org.springframework.boot.test.autoconfigure.SpringBootDependencyInjectionTestExecutionListener@19d2f8c9, org.springframework.test.context.support.DirtiesContextTestExecutionListener@7d3851eb, org.springframework.test.context.transaction.TransactionalTestExecutionListener@4a8b0716, org.springframework.test.context.jdbc.SqlScriptsTestExecutionListener@154c2167, org.springframework.security.test.context.support.WithSecurityContextTestExecutionListener@1bd697b7, org.springframework.security.test.context.support.ReactorContextTestExecutionListener@24de2a2f, org.springframework.boot.test.autoconfigure.restdocs.RestDocsTestExecutionListener@367f3a15, org.springframework.boot.test.autoconfigure.web.client.MockRestServiceServerResetTestExecutionListener@42cc72a4, org.springframework.boot.test.autoconfigure.web.servlet.MockMvcPrintOnlyOnFailureTestExecutionListener@6d083e65, org.springframework.boot.test.autoconfigure.web.servlet.WebDriverTestExecutionListener@38d2feb9, org.springframework.boot.test.mock.mockito.ResetMocksTestExecutionListener@7732d424]

  .   ____          _            __ _ _
 /\\ / ___'_ __ _ _(_)_ __  __ _ \ \ \ \
( ( )\___ | '_ | '_| | '_ \/ _` | \ \ \ \
 \\/  ___)| |_)| | | | | || (_| |  ) ) ) )
  '  |____| .__|_| |_|_| |_\__, | / / / /
 =========|_|==============|___/=/_/_/_/
 :: Spring Boot ::        (v2.1.9.RELEASE)

2021-07-27 09:21:30.446  INFO 2504 --- [    Test worker] c.j.b.s.web.HelloControllerTest          : Starting HelloControllerTest on DESKTOP-3II9F9C with PID 2504 (started by devbe in C:\community\freelec-springboot2-webservice)
2021-07-27 09:21:30.447  INFO 2504 --- [    Test worker] c.j.b.s.web.HelloControllerTest          : No active profile set, falling back to default profiles: default
2021-07-27 09:21:30.869  INFO 2504 --- [    Test worker] o.s.s.concurrent.ThreadPoolTaskExecutor  : Initializing ExecutorService 'applicationTaskExecutor'
2021-07-27 09:21:30.904  INFO 2504 --- [    Test worker] o.s.b.a.w.s.WelcomePageHandlerMapping    : Adding welcome page template: index
2021-07-27 09:21:31.110  INFO 2504 --- [    Test worker] .s.s.UserDetailsServiceAutoConfiguration : 

Using generated security password: 6aba39ea-d70d-4241-a4f6-e22940a8f89b

2021-07-27 09:21:31.246  INFO 2504 --- [    Test worker] o.s.s.web.DefaultSecurityFilterChain     : Creating filter chain: any request, [org.springframework.security.web.context.request.async.WebAsyncManagerIntegrationFilter@450592b2, org.springframework.security.web.context.SecurityContextPersistenceFilter@78bd6bb4, org.springframework.security.web.header.HeaderWriterFilter@eb0f679, org.springframework.security.web.csrf.CsrfFilter@4312711, org.springframework.security.web.authentication.logout.LogoutFilter@4143c88a, org.springframework.security.web.authentication.UsernamePasswordAuthenticationFilter@4aea5b70, org.springframework.security.web.authentication.ui.DefaultLoginPageGeneratingFilter@a2a100e, org.springframework.security.web.authentication.ui.DefaultLogoutPageGeneratingFilter@1a01bef6, org.springframework.security.web.authentication.www.BasicAuthenticationFilter@5ecad56c, org.springframework.security.web.savedrequest.RequestCacheAwareFilter@22bd59b0, org.springframework.security.web.servletapi.SecurityContextHolderAwareRequestFilter@2bb770a0, org.springframework.security.web.authentication.AnonymousAuthenticationFilter@12e8796f, org.springframework.security.web.session.SessionManagementFilter@3b44111, org.springframework.security.web.access.ExceptionTranslationFilter@70e547f4, org.springframework.security.web.access.intercept.FilterSecurityInterceptor@498c5de7]
2021-07-27 09:21:31.285  INFO 2504 --- [    Test worker] o.s.b.t.m.w.SpringBootMockServletContext : Initializing Spring TestDispatcherServlet ''
2021-07-27 09:21:31.285  INFO 2504 --- [    Test worker] o.s.t.web.servlet.TestDispatcherServlet  : Initializing Servlet ''
2021-07-27 09:21:31.301  INFO 2504 --- [    Test worker] o.s.t.web.servlet.TestDispatcherServlet  : Completed initialization in 16 ms
2021-07-27 09:21:31.330  INFO 2504 --- [    Test worker] c.j.b.s.web.HelloControllerTest          : Started HelloControllerTest in 0.913 seconds (JVM running for 8.155)
]]></system-out>
  <system-err><![CDATA[]]></system-err>
</testsuite>
